<?xml version="1.0" encoding="UTF-8"?>
<!-- Generated by org.testng.reporters.JUnitXMLReporter -->
<testsuite hostname="XYZ-VAIO" name="Command line test" tests="4" failures="0" timestamp="22 Jun 2017 22:48:20 GMT" time="8.307" errors="0">
  <testcase name="getHello" time="2.372" classname="com.iwa.controllerTest.MathematicsControllerTest"/>
  <testcase name="getMathematicTest" time="2.396" classname="com.iwa.controllerTest.MathematicsControllerTest"/>
  <testcase name="getMathematicTestJson" time="1.869" classname="com.iwa.controllerTest.MathematicsControllerTest"/>
  <testcase name="getMathematicsTest" time="1.651" classname="com.iwa.controllerTest.MathematicsControllerTest"/>
</testsuite> <!-- Command line test -->
