<?xml version="1.0" encoding="UTF-8"?>
<testng-results skipped="0" failed="0" total="4" passed="4">
  <reporter-output>
  </reporter-output>
  <suite name="com.iwa.controllerTest.MathematicsControllerTest" duration-ms="8307" started-at="2017-06-22T22:48:12Z" finished-at="2017-06-22T22:48:20Z">
    <groups>
    </groups>
    <test name="Command line test" duration-ms="8307" started-at="2017-06-22T22:48:12Z" finished-at="2017-06-22T22:48:20Z">
      <class name="com.iwa.controllerTest.MathematicsControllerTest">
        <test-method status="PASS" signature="getHello()[pri:0, instance:com.iwa.controllerTest.MathematicsControllerTest@7f690630]" name="getHello" duration-ms="2372" started-at="2017-06-22T17:48:12Z" finished-at="2017-06-22T17:48:14Z">
          <reporter-output>
          </reporter-output>
        </test-method> <!-- getHello -->
        <test-method status="PASS" signature="getMathematicTest()[pri:0, instance:com.iwa.controllerTest.MathematicsControllerTest@7f690630]" name="getMathematicTest" duration-ms="2396" started-at="2017-06-22T17:48:14Z" finished-at="2017-06-22T17:48:16Z">
          <reporter-output>
          </reporter-output>
        </test-method> <!-- getMathematicTest -->
        <test-method status="PASS" signature="getMathematicTestJson()[pri:0, instance:com.iwa.controllerTest.MathematicsControllerTest@7f690630]" name="getMathematicTestJson" duration-ms="1869" started-at="2017-06-22T17:48:16Z" finished-at="2017-06-22T17:48:18Z">
          <reporter-output>
          </reporter-output>
        </test-method> <!-- getMathematicTestJson -->
        <test-method status="PASS" signature="getMathematicsTest()[pri:0, instance:com.iwa.controllerTest.MathematicsControllerTest@7f690630]" name="getMathematicsTest" duration-ms="1651" started-at="2017-06-22T17:48:18Z" finished-at="2017-06-22T17:48:20Z">
          <reporter-output>
          </reporter-output>
        </test-method> <!-- getMathematicsTest -->
      </class> <!-- com.iwa.controllerTest.MathematicsControllerTest -->
    </test> <!-- Command line test -->
  </suite> <!-- com.iwa.controllerTest.MathematicsControllerTest -->
</testng-results>
